2024-08-25 18:21:27.607 [info] [main] Log level: Info
2024-08-25 18:21:27.607 [info] [main] Validating found git in: "git"
2024-08-25 18:21:27.607 [info] [main] Using git "2.46.0" from "git"
2024-08-25 18:21:27.607 [info] [Model][doInitialScan] Initial repository scan started
2024-08-25 18:21:27.607 [info] > git rev-parse --show-toplevel [2ms]
2024-08-25 18:21:27.608 [info] > git rev-parse --git-dir --git-common-dir [2ms]
2024-08-25 18:21:27.614 [info] [Model][openRepository] Opened repository: /home/shivamsingh/documents/shivamsite
2024-08-25 18:21:27.631 [info] > git rev-parse --show-toplevel [7ms]
2024-08-25 18:21:27.632 [info] > git config --get commit.template [10ms]
2024-08-25 18:21:27.661 [info] > git rev-parse --show-toplevel [13ms]
2024-08-25 18:21:27.662 [info] [Model][doInitialScan] Initial repository scan completed - repositories (1), closed repositories (0), parent repositories (0), unsafe repositories (0)
2024-08-25 18:21:27.663 [info] > git for-each-ref --format=%(refname)%00%(upstream:short)%00%(objectname)%00%(upstream:track)%00%(upstream:remotename)%00%(upstream:remoteref) refs/heads/main refs/remotes/main [2ms]
2024-08-25 18:21:27.670 [info] > git status -z -uall [2ms]
2024-08-25 18:21:27.684 [info] > git for-each-ref --format=%(refname)%00%(upstream:short)%00%(objectname)%00%(upstream:track)%00%(upstream:remotename)%00%(upstream:remoteref) refs/heads/main refs/remotes/main [9ms]
2024-08-25 18:21:27.689 [info] > git config --get commit.template [5ms]
2024-08-25 18:21:27.689 [info] > git config --local branch.main.vscode-merge-base [1ms]
2024-08-25 18:21:27.690 [warning] [Git][config] git config failed: Failed to execute git
2024-08-25 18:21:27.724 [info] > git reflog main --grep-reflog=branch: Created from *. [30ms]
2024-08-25 18:21:27.730 [info] > git symbolic-ref --short refs/remotes/origin/HEAD [2ms]
2024-08-25 18:21:27.734 [info] > git for-each-ref --format=%(refname)%00%(upstream:short)%00%(objectname)%00%(upstream:track)%00%(upstream:remotename)%00%(upstream:remoteref) refs/heads/main refs/remotes/main [10ms]
2024-08-25 18:21:27.735 [info] > git for-each-ref --format=%(refname)%00%(upstream:short)%00%(objectname)%00%(upstream:track)%00%(upstream:remotename)%00%(upstream:remoteref) refs/heads/origin/main refs/remotes/origin/main [1ms]
2024-08-25 18:21:27.744 [info] > git config --local branch.main.vscode-merge-base origin/main [5ms]
2024-08-25 18:21:27.750 [info] > git status -z -uall [7ms] (cancelled)
2024-08-25 18:21:27.756 [info] > git config --get commit.template [6ms]
2024-08-25 18:21:27.757 [info] > git for-each-ref --format=%(refname)%00%(upstream:short)%00%(objectname)%00%(upstream:track)%00%(upstream:remotename)%00%(upstream:remoteref) refs/heads/main refs/remotes/main [1ms]
2024-08-25 18:21:27.763 [info] > git status -z -uall [2ms]
2024-08-25 18:21:27.773 [info] > git for-each-ref --format=%(refname)%00%(upstream:short)%00%(objectname)%00%(upstream:track)%00%(upstream:remotename)%00%(upstream:remoteref) refs/heads/main refs/remotes/main [6ms]
2024-08-25 18:21:27.778 [info] > git merge-base refs/heads/main refs/remotes/origin/main [5ms]
2024-08-25 18:21:27.784 [info] > git config --local branch.main.vscode-merge-base [6ms]
2024-08-25 18:21:27.788 [info] > git rev-list --count --left-right refs/heads/main...refs/remotes/origin/main [4ms]
2024-08-25 18:21:27.794 [info] > git for-each-ref --format=%(refname)%00%(upstream:short)%00%(objectname)%00%(upstream:track)%00%(upstream:remotename)%00%(upstream:remoteref) refs/heads/origin/main refs/remotes/origin/main [6ms]
2024-08-25 18:21:27.795 [info] > git diff --name-status -z --diff-filter=ADMR 5204eae91dca7b34a9cd0298a99c6ba31e508c7c...refs/remotes/origin/main [2ms]
2024-08-25 18:21:28.147 [info] > git check-ignore -v -z --stdin [8ms]
2024-08-25 18:21:28.834 [info] > git config --get commit.template [7ms]
2024-08-25 18:21:28.834 [info] > git for-each-ref --format=%(refname)%00%(upstream:short)%00%(objectname)%00%(upstream:track)%00%(upstream:remotename)%00%(upstream:remoteref) refs/heads/main refs/remotes/main [1ms]
2024-08-25 18:21:28.842 [info] > git status -z -uall [2ms]
2024-08-25 18:21:28.852 [info] > git for-each-ref --format=%(refname)%00%(upstream:short)%00%(objectname)%00%(upstream:track)%00%(upstream:remotename)%00%(upstream:remoteref) refs/heads/main refs/remotes/main [2ms]
2024-08-25 18:21:28.861 [info] > git config --local branch.main.vscode-merge-base [2ms]
2024-08-25 18:21:28.868 [info] > git for-each-ref --format=%(refname)%00%(upstream:short)%00%(objectname)%00%(upstream:track)%00%(upstream:remotename)%00%(upstream:remoteref) refs/heads/origin/main refs/remotes/origin/main [1ms]
2024-08-25 18:22:14.309 [info] > git check-ignore -v -z --stdin [2ms]
2024-08-25 18:22:22.517 [info] > git check-ignore -v -z --stdin [2ms]
2024-08-25 18:22:25.462 [info] > git check-ignore -v -z --stdin [1ms]
2024-08-25 18:22:26.572 [info] > git check-ignore -v -z --stdin [1ms]
2024-08-25 18:22:31.428 [info] > git check-ignore -v -z --stdin [1ms]
2024-08-25 18:22:36.273 [info] > git check-ignore -v -z --stdin [1ms]
2024-08-25 18:22:37.525 [info] > git show --textconv :frontend/src/components/home/Valley.jsx [9ms]
2024-08-25 18:22:37.533 [info] > git ls-files --stage -- /home/shivamsingh/documents/shivamsite/frontend/src/components/home/Valley.jsx [10ms]
2024-08-25 18:22:37.542 [info] > git cat-file -s 743aa0b8e01453ac0006f1613d30d0726063748a [2ms]
2024-08-25 18:23:47.681 [info] > git config --get commit.template [8ms]
2024-08-25 18:23:47.682 [info] > git for-each-ref --format=%(refname)%00%(upstream:short)%00%(objectname)%00%(upstream:track)%00%(upstream:remotename)%00%(upstream:remoteref) refs/heads/main refs/remotes/main [2ms]
2024-08-25 18:23:47.691 [info] > git status -z -uall [2ms]
2024-08-25 18:23:47.704 [info] > git for-each-ref --format=%(refname)%00%(upstream:short)%00%(objectname)%00%(upstream:track)%00%(upstream:remotename)%00%(upstream:remoteref) refs/heads/main refs/remotes/main [3ms]
2024-08-25 18:23:47.712 [info] > git config --local branch.main.vscode-merge-base [2ms]
2024-08-25 18:23:47.720 [info] > git for-each-ref --format=%(refname)%00%(upstream:short)%00%(objectname)%00%(upstream:track)%00%(upstream:remotename)%00%(upstream:remoteref) refs/heads/origin/main refs/remotes/origin/main [1ms]
2024-08-25 18:23:59.524 [info] > git config --get commit.template [8ms]
2024-08-25 18:23:59.524 [info] > git for-each-ref --format=%(refname)%00%(upstream:short)%00%(objectname)%00%(upstream:track)%00%(upstream:remotename)%00%(upstream:remoteref) refs/heads/main refs/remotes/main [1ms]
2024-08-25 18:23:59.532 [info] > git status -z -uall [1ms]
2024-08-25 18:23:59.541 [info] > git for-each-ref --format=%(refname)%00%(upstream:short)%00%(objectname)%00%(upstream:track)%00%(upstream:remotename)%00%(upstream:remoteref) refs/heads/main refs/remotes/main [2ms]
2024-08-25 18:23:59.549 [info] > git config --local branch.main.vscode-merge-base [1ms]
2024-08-25 18:23:59.557 [info] > git for-each-ref --format=%(refname)%00%(upstream:short)%00%(objectname)%00%(upstream:track)%00%(upstream:remotename)%00%(upstream:remoteref) refs/heads/origin/main refs/remotes/origin/main [1ms]
2024-08-25 18:24:08.957 [info] > git config --get commit.template [5ms]
2024-08-25 18:24:08.958 [info] > git for-each-ref --format=%(refname)%00%(upstream:short)%00%(objectname)%00%(upstream:track)%00%(upstream:remotename)%00%(upstream:remoteref) refs/heads/main refs/remotes/main [1ms]
2024-08-25 18:24:08.965 [info] > git status -z -uall [1ms]
2024-08-25 18:24:08.973 [info] > git for-each-ref --format=%(refname)%00%(upstream:short)%00%(objectname)%00%(upstream:track)%00%(upstream:remotename)%00%(upstream:remoteref) refs/heads/main refs/remotes/main [3ms]
2024-08-25 18:24:08.978 [info] > git config --local branch.main.vscode-merge-base [1ms]
2024-08-25 18:24:08.985 [info] > git for-each-ref --format=%(refname)%00%(upstream:short)%00%(objectname)%00%(upstream:track)%00%(upstream:remotename)%00%(upstream:remoteref) refs/heads/origin/main refs/remotes/origin/main [1ms]
2024-08-25 18:25:20.086 [info] > git show --textconv :frontend/src/components/projects/history.css [6ms]
2024-08-25 18:25:20.087 [info] > git ls-files --stage -- /home/shivamsingh/documents/shivamsite/frontend/src/components/projects/history.css [2ms]
2024-08-25 18:25:20.094 [info] > git cat-file -s 00322176f156a59596c632fb059d8690d6d832ad [1ms]
2024-08-25 18:25:21.815 [info] > git show --textconv :frontend/src/components/projects/History.jsx [8ms]
2024-08-25 18:25:21.816 [info] > git ls-files --stage -- /home/shivamsingh/documents/shivamsite/frontend/src/components/projects/History.jsx [2ms]
2024-08-25 18:25:21.823 [info] > git cat-file -s 9062346ef2b373a213ac577f9e590ac9327ceecb [1ms]
2024-08-25 18:25:46.431 [info] > git show --textconv :frontend/src/components/projects/GitProfile.jsx [8ms]
2024-08-25 18:25:46.432 [info] > git ls-files --stage -- /home/shivamsingh/documents/shivamsite/frontend/src/components/projects/GitProfile.jsx [1ms]
2024-08-25 18:25:46.439 [info] > git cat-file -s b91d8870b97f7817146094c6a8185b81a46e04d8 [0ms]
2024-08-25 18:25:46.932 [info] > git show --textconv :frontend/src/components/projects/history.css [9ms]
2024-08-25 18:25:46.933 [info] > git ls-files --stage -- /home/shivamsingh/documents/shivamsite/frontend/src/components/projects/history.css [1ms]
2024-08-25 18:25:46.940 [info] > git cat-file -s 00322176f156a59596c632fb059d8690d6d832ad [1ms]
2024-08-25 18:26:16.941 [info] > git config --get commit.template [8ms]
2024-08-25 18:26:16.941 [info] > git for-each-ref --format=%(refname)%00%(upstream:short)%00%(objectname)%00%(upstream:track)%00%(upstream:remotename)%00%(upstream:remoteref) refs/heads/main refs/remotes/main [1ms]
2024-08-25 18:26:16.951 [info] > git status -z -uall [1ms]
2024-08-25 18:26:16.961 [info] > git for-each-ref --format=%(refname)%00%(upstream:short)%00%(objectname)%00%(upstream:track)%00%(upstream:remotename)%00%(upstream:remoteref) refs/heads/main refs/remotes/main [2ms]
2024-08-25 18:26:16.969 [info] > git config --local branch.main.vscode-merge-base [1ms]
2024-08-25 18:26:16.978 [info] > git for-each-ref --format=%(refname)%00%(upstream:short)%00%(objectname)%00%(upstream:track)%00%(upstream:remotename)%00%(upstream:remoteref) refs/heads/origin/main refs/remotes/origin/main [1ms]
2024-08-25 18:26:22.615 [info] > git config --get commit.template [8ms]
2024-08-25 18:26:22.615 [info] > git for-each-ref --format=%(refname)%00%(upstream:short)%00%(objectname)%00%(upstream:track)%00%(upstream:remotename)%00%(upstream:remoteref) refs/heads/main refs/remotes/main [1ms]
2024-08-25 18:26:22.627 [info] > git status -z -uall [3ms]
2024-08-25 18:26:22.635 [info] > git for-each-ref --format=%(refname)%00%(upstream:short)%00%(objectname)%00%(upstream:track)%00%(upstream:remotename)%00%(upstream:remoteref) refs/heads/main refs/remotes/main [1ms]
2024-08-25 18:26:22.645 [info] > git config --local branch.main.vscode-merge-base [2ms]
2024-08-25 18:26:22.654 [info] > git for-each-ref --format=%(refname)%00%(upstream:short)%00%(objectname)%00%(upstream:track)%00%(upstream:remotename)%00%(upstream:remoteref) refs/heads/origin/main refs/remotes/origin/main [1ms]
2024-08-25 18:27:31.660 [info] > git config --get commit.template [10ms]
2024-08-25 18:27:31.660 [info] > git for-each-ref --format=%(refname)%00%(upstream:short)%00%(objectname)%00%(upstream:track)%00%(upstream:remotename)%00%(upstream:remoteref) refs/heads/main refs/remotes/main [2ms]
2024-08-25 18:27:31.671 [info] > git status -z -uall [1ms]
2024-08-25 18:27:31.681 [info] > git for-each-ref --format=%(refname)%00%(upstream:short)%00%(objectname)%00%(upstream:track)%00%(upstream:remotename)%00%(upstream:remoteref) refs/heads/main refs/remotes/main [1ms]
2024-08-25 18:27:31.689 [info] > git config --local branch.main.vscode-merge-base [1ms]
2024-08-25 18:27:31.697 [info] > git for-each-ref --format=%(refname)%00%(upstream:short)%00%(objectname)%00%(upstream:track)%00%(upstream:remotename)%00%(upstream:remoteref) refs/heads/origin/main refs/remotes/origin/main [1ms]
2024-08-25 18:27:43.176 [info] > git config --get commit.template [7ms]
2024-08-25 18:27:43.176 [info] > git for-each-ref --format=%(refname)%00%(upstream:short)%00%(objectname)%00%(upstream:track)%00%(upstream:remotename)%00%(upstream:remoteref) refs/heads/main refs/remotes/main [1ms]
2024-08-25 18:27:43.184 [info] > git status -z -uall [1ms]
2024-08-25 18:27:43.196 [info] > git for-each-ref --format=%(refname)%00%(upstream:short)%00%(objectname)%00%(upstream:track)%00%(upstream:remotename)%00%(upstream:remoteref) refs/heads/main refs/remotes/main [3ms]
2024-08-25 18:27:43.205 [info] > git config --local branch.main.vscode-merge-base [2ms]
2024-08-25 18:27:43.213 [info] > git for-each-ref --format=%(refname)%00%(upstream:short)%00%(objectname)%00%(upstream:track)%00%(upstream:remotename)%00%(upstream:remoteref) refs/heads/origin/main refs/remotes/origin/main [1ms]
2024-08-25 18:27:57.961 [info] > git show --textconv :frontend/src/components/projects/Projects.css [9ms]
2024-08-25 18:27:57.962 [info] > git ls-files --stage -- /home/shivamsingh/documents/shivamsite/frontend/src/components/projects/Projects.css [2ms]
2024-08-25 18:27:57.969 [info] > git cat-file -s 1de722920432a94c170bbb5bca766308ecbbb2a0 [1ms]
2024-08-25 18:28:52.605 [info] > git config --get commit.template [7ms]
2024-08-25 18:28:52.606 [info] > git for-each-ref --format=%(refname)%00%(upstream:short)%00%(objectname)%00%(upstream:track)%00%(upstream:remotename)%00%(upstream:remoteref) refs/heads/main refs/remotes/main [2ms]
2024-08-25 18:28:52.615 [info] > git status -z -uall [1ms]
2024-08-25 18:28:52.625 [info] > git for-each-ref --format=%(refname)%00%(upstream:short)%00%(objectname)%00%(upstream:track)%00%(upstream:remotename)%00%(upstream:remoteref) refs/heads/main refs/remotes/main [2ms]
2024-08-25 18:28:52.634 [info] > git config --local branch.main.vscode-merge-base [1ms]
2024-08-25 18:28:52.643 [info] > git for-each-ref --format=%(refname)%00%(upstream:short)%00%(objectname)%00%(upstream:track)%00%(upstream:remotename)%00%(upstream:remoteref) refs/heads/origin/main refs/remotes/origin/main [1ms]
2024-08-25 18:29:07.513 [info] > git show --textconv :frontend/src/components/home/Valley.jsx [9ms]
2024-08-25 18:29:07.514 [info] > git ls-files --stage -- /home/shivamsingh/documents/shivamsite/frontend/src/components/home/Valley.jsx [2ms]
2024-08-25 18:29:07.525 [info] > git cat-file -s 743aa0b8e01453ac0006f1613d30d0726063748a [2ms]
2024-08-25 18:29:15.198 [info] > git config --get commit.template [1ms]
2024-08-25 18:29:15.208 [info] > git for-each-ref --format=%(refname)%00%(upstream:short)%00%(objectname)%00%(upstream:track)%00%(upstream:remotename)%00%(upstream:remoteref) refs/heads/main refs/remotes/main [2ms]
2024-08-25 18:29:15.216 [info] > git status -z -uall [1ms]
2024-08-25 18:29:15.225 [info] > git for-each-ref --format=%(refname)%00%(upstream:short)%00%(objectname)%00%(upstream:track)%00%(upstream:remotename)%00%(upstream:remoteref) refs/heads/main refs/remotes/main [2ms]
2024-08-25 18:29:15.235 [info] > git config --local branch.main.vscode-merge-base [2ms]
2024-08-25 18:29:15.244 [info] > git for-each-ref --format=%(refname)%00%(upstream:short)%00%(objectname)%00%(upstream:track)%00%(upstream:remotename)%00%(upstream:remoteref) refs/heads/origin/main refs/remotes/origin/main [1ms]
2024-08-25 18:29:21.388 [info] > git config --get commit.template [10ms]
2024-08-25 18:29:21.388 [info] > git for-each-ref --format=%(refname)%00%(upstream:short)%00%(objectname)%00%(upstream:track)%00%(upstream:remotename)%00%(upstream:remoteref) refs/heads/main refs/remotes/main [2ms]
2024-08-25 18:29:21.399 [info] > git status -z -uall [3ms]
2024-08-25 18:29:21.409 [info] > git for-each-ref --format=%(refname)%00%(upstream:short)%00%(objectname)%00%(upstream:track)%00%(upstream:remotename)%00%(upstream:remoteref) refs/heads/main refs/remotes/main [2ms]
2024-08-25 18:29:21.417 [info] > git config --local branch.main.vscode-merge-base [1ms]
2024-08-25 18:29:21.425 [info] > git for-each-ref --format=%(refname)%00%(upstream:short)%00%(objectname)%00%(upstream:track)%00%(upstream:remotename)%00%(upstream:remoteref) refs/heads/origin/main refs/remotes/origin/main [1ms]
2024-08-25 18:30:32.641 [info] > git config --get commit.template [8ms]
2024-08-25 18:30:32.642 [info] > git for-each-ref --format=%(refname)%00%(upstream:short)%00%(objectname)%00%(upstream:track)%00%(upstream:remotename)%00%(upstream:remoteref) refs/heads/main refs/remotes/main [1ms]
2024-08-25 18:30:32.650 [info] > git status -z -uall [2ms]
2024-08-25 18:30:32.661 [info] > git for-each-ref --format=%(refname)%00%(upstream:short)%00%(objectname)%00%(upstream:track)%00%(upstream:remotename)%00%(upstream:remoteref) refs/heads/main refs/remotes/main [2ms]
2024-08-25 18:30:32.672 [info] > git config --local branch.main.vscode-merge-base [1ms]
2024-08-25 18:30:32.680 [info] > git for-each-ref --format=%(refname)%00%(upstream:short)%00%(objectname)%00%(upstream:track)%00%(upstream:remotename)%00%(upstream:remoteref) refs/heads/origin/main refs/remotes/origin/main [1ms]
